{"level":"info","message":"listening on 6600"}
{"level":"error","message":"\nInvalid `prisma.userOTP.create()` invocation in\nD:\\projects\\Big-Dog\\controllers\\users\\auth.controllers.js:226:26\n\n  223 const otp = generateOTP();\n  224 const expirationDateTime = moment().add(5, 'minutes').toISOString();\n  225 \n→ 226 await prisma.userOTP.create({\n        data: {\n          userId: 8,\n          otp: \"292051\",\n          expirationDateTime: \"2024-04-05T17:51:54.332Z\",\n          otpType: \"EMAIL\",\n      +   isExpired: Boolean\n        }\n      })\n\nArgument `isExpired` is missing."}
{"level":"info","message":"listening on 6600"}
{"level":"info","message":"listening on 6600"}
{"level":"info","message":"listening on 6600"}
{"level":"info","message":"listening on 6600"}
{"level":"info","message":"listening on 6600"}
{"level":"info","message":"listening on 6600"}
{"level":"error","message":"\nInvalid `prisma.users.findFirst()` invocation in\nD:\\projects\\Big-Dog\\controllers\\users\\auth.controllers.js:148:37\n\n  145 }\n  146 \n  147 try {\n→ 148   const user = await prisma.users.findFirst(\nCannot select both '$scalars: true' and a specific scalar field 'Role'."}
{"level":"info","message":"listening on 6600"}
{"level":"info","message":"listening on 6600"}
{"level":"info","message":"listening on 6600"}
{"level":"info","message":"listening on 6600"}
{"level":"info","message":"listening on 6600"}
{"level":"info","message":"listening on 6600"}
{"level":"info","message":"listening on 6600"}
{"level":"info","message":"listening on 6600"}
{"level":"info","message":"listening on 6600"}
{"level":"info","message":"listening on 6600"}
{"level":"info","message":"listening on 6600"}
{"level":"info","message":"listening on 6600"}
{"level":"info","message":"listening on 6600"}
{"level":"info","message":"listening on 6600"}
{"level":"info","message":"listening on 6600"}
{"level":"info","message":"listening on 6600"}
{"level":"info","message":"listening on 6600"}
{"level":"info","message":"listening on 6600"}
{"level":"info","message":"listening on 6600"}
{"level":"info","message":"listening on 6600"}
{"level":"info","message":"listening on 6600"}
{"level":"info","message":"listening on 6600"}
{"level":"info","message":"listening on 6600"}
{"level":"info","message":"listening on 6600"}
{"level":"info","message":"listening on 6600"}
{"level":"info","message":"listening on 6600"}
{"level":"info","message":"listening on 6600"}
{"level":"info","message":"listening on 6600"}
{"level":"info","message":"listening on 6600"}
{"level":"info","message":"listening on 6600"}
{"level":"info","message":"listening on 6600"}
{"level":"info","message":"listening on 6600"}
{"level":"info","message":"listening on 6600"}
{"level":"info","message":"listening on 6600"}
{"level":"info","message":"listening on 6600"}
{"level":"info","message":"listening on 6600"}
{"level":"info","message":"listening on 6600"}
{"level":"info","message":"listening on 6600"}
{"level":"info","message":"listening on 6600"}
{"level":"info","message":"listening on 6600"}
{"level":"info","message":"listening on 6600"}
{"level":"info","message":"listening on 6600"}
{"level":"info","message":"listening on 6600"}
{"level":"info","message":"listening on 6600"}
{"level":"info","message":"listening on 6600"}
{"level":"info","message":"listening on 6600"}
{"level":"info","message":"listening on 6600"}
{"level":"info","message":"listening on 6600"}
{"level":"info","message":"listening on 6600"}
{"level":"info","message":"listening on 6600"}
{"level":"info","message":"listening on 6600"}
{"level":"info","message":"listening on 6600"}
{"level":"info","message":"listening on 6600"}
{"level":"info","message":"listening on 6600"}
{"level":"info","message":"listening on 6600"}
{"level":"info","message":"listening on 6600"}
{"level":"info","message":"listening on 6600"}
{"level":"info","message":"listening on 6600"}
{"level":"info","message":"listening on 6600"}
{"level":"info","message":"listening on 6600"}
{"level":"info","message":"listening on 6600"}
{"level":"info","message":"listening on 6600"}
{"level":"info","message":"listening on 6600"}
{"level":"info","message":"listening on 6600"}
{"level":"info","message":"listening on 6600"}
{"level":"info","message":"listening on 6600"}
{"level":"info","message":"listening on 6600"}
{"level":"info","message":"listening on 6600"}
{"level":"info","message":"listening on 6600"}
{"level":"info","message":"listening on 6600"}
{"level":"info","message":"listening on 6600"}
{"level":"info","message":"listening on 6600"}
{"level":"info","message":"listening on 6600"}
{"level":"error","message":"Missing required param: amount."}
{"level":"info","message":"listening on 6600"}
{"level":"error","message":"Invalid integer: 19.95"}
{"level":"info","message":"listening on 6600"}
{"level":"info","message":"listening on 6600"}
{"level":"error","message":"Invalid value type: {:lastName=>\"shaikh\", :bio=>\"...\", :id=>\"9\", :firstName=>\"jawad\", :dateOfBirth=>\"1317826080\", :updatedAt=>\"1712343192\", :phoneNumber=>\"03452987876\", :UserAddress=>{:\"0\"=>{:id=>\"1\", :userId=>\"9\", :country=>\"pakistan\", :createdAt=>\"1712343192\", :state=>\"sindh\", :updatedAt=>\"1712343192\", :city=>\"karachi\", :streetAddress=>\"123 street\"}}, :loginMethod=>\"PHONE_NUMBER\", :role=>\"USER\", :isProfileComplete=>\"false\", :createdAt=>\"1712339322\", :email=>\"jawadshaikh@gmail.com\", :gender=>\"MALE\"} must be a string"}
{"level":"info","message":"listening on 6600"}
{"level":"info","message":"listening on 6600"}
{"level":"info","message":"listening on 6600"}
{"level":"error","message":"Invalid value type: {:lastName=>\"shaikh\", :firstName=>\"jawad\", :email=>\"jawadshaikh@gmail.com\", :userId=>\"9\", :phoneNumber=>\"03452987876\"} must be a string"}
{"level":"info","message":"listening on 6600"}
{"level":"error","message":"Invalid value type: {:lastName=>\"shaikh\", :firstName=>\"jawad\", :email=>\"jawadshaikh@gmail.com\", :userId=>\"9\", :phoneNumber=>\"03452987876\"} must be a string"}
{"level":"info","message":"listening on 6600"}
{"level":"info","message":"listening on 6600"}
{"level":"info","message":"listening on 6600"}
{"level":"info","message":"listening on 6600"}
{"level":"info","message":"listening on 6600"}
{"level":"info","message":"listening on 6600"}
{"level":"info","message":"listening on 6600"}
{"level":"info","message":"listening on 6600"}
{"level":"info","message":"listening on 6600"}
{"level":"info","message":"listening on 6600"}
{"level":"info","message":"listening on 6600"}
{"level":"info","message":"listening on 6600"}
{"level":"info","message":"listening on 6600"}
{"level":"info","message":"listening on 6600"}
{"level":"info","message":"listening on 6600"}
{"level":"info","message":"listening on 6600"}
{"level":"info","message":"listening on 6600"}
{"level":"info","message":"listening on 6600"}
{"level":"info","message":"listening on 6600"}
{"level":"info","message":"listening on 6600"}
{"level":"info","message":"listening on 6600"}
{"level":"info","message":"listening on 6600"}
{"level":"info","message":"listening on 6600"}
{"level":"info","message":"listening on 6600"}
{"level":"info","message":"listening on 6600"}
{"level":"info","message":"listening on 6600"}
{"level":"info","message":"listening on 6600"}
{"level":"info","message":"listening on 6600"}
{"level":"info","message":"listening on 6600"}
{"level":"info","message":"listening on 6600"}
{"level":"info","message":"listening on 6600"}
{"level":"info","message":"listening on 6600"}
{"level":"info","message":"listening on 6600"}
{"level":"info","message":"listening on 6600"}
{"level":"info","message":"listening on 6600"}
{"level":"info","message":"listening on 6600"}
{"level":"info","message":"listening on 6600"}
{"level":"info","message":"listening on 6600"}
{"level":"info","message":"listening on 6600"}
{"level":"info","message":"listening on 6600"}
{"level":"info","message":"listening on 6600"}
{"level":"info","message":"listening on 6600"}
{"level":"info","message":"listening on 6600"}
{"level":"info","message":"listening on 6600"}
{"level":"info","message":"listening on 6600"}
{"level":"info","message":"listening on 6600"}
{"level":"info","message":"listening on 6600"}
{"level":"info","message":"listening on 6600"}
{"level":"info","message":"listening on 6600"}
{"level":"info","message":"listening on 6600"}
{"level":"info","message":"listening on 6600"}
{"level":"error","message":"\nInvalid `prisma.users.findFirst()` invocation in\nD:\\projects\\Big-Dog\\controllers\\user-packages\\userPackages.controllers.js:38:37\n\n  35 try {\n  36   const currentDate = moment();\n  37 \n→ 38   const user = await prisma.users.findFirst(\nCannot select both '$scalars: true' and a specific scalar field 'UserRescueCharges'."}
{"level":"info","message":"listening on 6600"}
{"level":"error","message":"\nInvalid `prisma.users.findFirst()` invocation in\nD:\\projects\\Big-Dog\\controllers\\user-packages\\userPackages.controllers.js:38:37\n\n  35 try {\n  36   const currentDate = moment();\n  37 \n→ 38   const user = await prisma.users.findFirst(\nUnknown nested field 'UserRescueCharges' for operation UserPackages does not match any query."}
{"level":"info","message":"listening on 6600"}
{"level":"info","message":"listening on 6600"}
{"level":"error","message":"Cannot read properties of undefined (reading 'findFirst')"}
{"level":"info","message":"listening on 6600"}
{"level":"error","message":"\nInvalid `prisma.users.findFirst()` invocation in\nD:\\projects\\Big-Dog\\controllers\\user-packages\\userPackages.controllers.js:38:37\n\n  35 try {\n  36   const currentDate = new Date(); // Use native JS Date object\n  37 \n→ 38   const user = await prisma.users.findFirst(\nCannot select both '$scalars: true' and a specific scalar field 'UserRescueCharges'."}
{"level":"info","message":"listening on 6600"}
{"level":"info","message":"listening on 6600"}
{"level":"info","message":"listening on 6600"}
{"level":"info","message":"listening on 6600"}
{"level":"info","message":"listening on 6600"}
{"level":"info","message":"listening on 6600"}
{"level":"info","message":"listening on 6600"}
{"level":"info","message":"listening on 6600"}
{"level":"info","message":"listening on 6600"}
{"level":"info","message":"listening on 6600"}
{"level":"info","message":"listening on 6600"}
{"level":"info","message":"listening on 6600"}
{"level":"info","message":"listening on 6600"}
{"level":"info","message":"listening on 6600"}
{"level":"info","message":"listening on 6600"}
{"level":"info","message":"listening on 6600"}
{"level":"info","message":"listening on 6600"}
{"level":"info","message":"listening on 6600"}
{"level":"info","message":"listening on 6600"}
{"level":"info","message":"listening on 6600"}
{"level":"info","message":"listening on 6600"}
{"level":"info","message":"listening on 6600"}
{"level":"info","message":"listening on 6600"}
{"level":"info","message":"listening on 6600"}
